c:\map_project\rutasproject\x64\debug\vc143.pdb
c:\map_project\rutasproject\x64\debug\vc143.idb
c:\map_project\rutasproject\x64\debug\route.obj
c:\map_project\rutasproject\x64\debug\pointsandrouteslist.obj
c:\map_project\rutasproject\x64\debug\point.obj
c:\map_project\rutasproject\x64\debug\map.obj
c:\map_project\rutasproject\x64\debug\main.obj
c:\map_project\rutasproject\x64\debug\filemanager.obj
c:\map_project\rutasproject\x64\debug\routemanager.obj
c:\map_project\rutasproject\x64\debug\rutasproject.pdb
c:\map_project\rutasproject\x64\debug\rutasproject.tlog\cl.command.1.tlog
c:\map_project\rutasproject\x64\debug\rutasproject.tlog\cl.items.tlog
c:\map_project\rutasproject\x64\debug\rutasproject.tlog\cl.read.1.tlog
c:\map_project\rutasproject\x64\debug\rutasproject.tlog\cl.write.1.tlog
c:\map_project\rutasproject\x64\debug\rutasproject.tlog\link-cvtres.read.1.tlog
c:\map_project\rutasproject\x64\debug\rutasproject.tlog\link-cvtres.write.1.tlog
c:\map_project\rutasproject\x64\debug\rutasproject.tlog\link-rc.read.1.tlog
c:\map_project\rutasproject\x64\debug\rutasproject.tlog\link-rc.write.1.tlog
c:\map_project\rutasproject\x64\debug\rutasproject.tlog\link.22596-cvtres.read.1.tlog
c:\map_project\rutasproject\x64\debug\rutasproject.tlog\link.22596-cvtres.write.1.tlog
c:\map_project\rutasproject\x64\debug\rutasproject.tlog\link.22596-rc.read.1.tlog
c:\map_project\rutasproject\x64\debug\rutasproject.tlog\link.22596-rc.write.1.tlog
c:\map_project\rutasproject\x64\debug\rutasproject.tlog\link.22596.read.1.tlog
c:\map_project\rutasproject\x64\debug\rutasproject.tlog\link.22596.read.2.tlog
c:\map_project\rutasproject\x64\debug\rutasproject.tlog\link.22596.write.1.tlog
c:\map_project\rutasproject\x64\debug\rutasproject.tlog\link.command.1.tlog
c:\map_project\rutasproject\x64\debug\rutasproject.tlog\link.read.1.tlog
c:\map_project\rutasproject\x64\debug\rutasproject.tlog\link.read.2.tlog
c:\map_project\rutasproject\x64\debug\rutasproject.tlog\link.write.1.tlog
